#
# There is insufficient memory for the Java Runtime Environment to continue.
# Native memory allocation (malloc) failed to allocate 1271056 bytes for Chunk::new
# Possible reasons:
#   The system is out of physical RAM or swap space
#   The process is running with CompressedOops enabled, and the Java Heap may be blocking the growth of the native heap
# Possible solutions:
#   Reduce memory load on the system
#   Increase physical memory or swap space
#   Check if swap backing store is full
#   Decrease Java heap size (-Xmx/-Xms)
#   Decrease number of Java threads
#   Decrease Java thread stack sizes (-Xss)
#   Set larger code cache with -XX:ReservedCodeCacheSize=
#   JVM is running with Unscaled Compressed Oops mode in which the Java heap is
#     placed in the first 4GB address space. The Java Heap base address is the
#     maximum limit for the native heap growth. Please use -XX:HeapBaseMinAddress
#     to set the Java Heap base and to place the Java Heap above 4GB virtual address.
# This output file may be truncated or incomplete.
#
#  Out of Memory Error (./src/hotspot/share/memory/arena.cpp:197), pid=10588, tid=8892
#
# JRE version: OpenJDK Runtime Environment (11.0.11+9) (build 11.0.11+9-b60-7590822)
# Java VM: OpenJDK 64-Bit Server VM (11.0.11+9-b60-7590822, mixed mode, tiered, compressed oops, g1 gc, windows-amd64)
# No core dump will be written. Minidumps are not enabled by default on client versions of Windows
#

---------------  S U M M A R Y ------------

Command Line: org.jetbrains.kotlin.cli.jvm.K2JVMCompiler @C:\Users\berka\AndroidStudioProjects\CryptocurrencyApp\app\build\20220130_2795156796171399155.compiler.options

Host: AMD Ryzen 5 4600H with Radeon Graphics         , 12 cores, 7G,  Windows 10 , 64 bit Build 22000 (10.0.22000.434)
Time: Sun Jan 30 14:56:32 2022 Turkey Standard Time elapsed time: 12.021660 seconds (0d 0h 0m 12s)

---------------  T H R E A D  ---------------

Current thread (0x0000025f30315000):  JavaThread "C2 CompilerThread0" daemon [_thread_in_native, id=8892, stack(0x000000d83a600000,0x000000d83a700000)]


Current CompileTask:
C2:  12021 7654       4       org.jetbrains.kotlin.cli.jvm.index.JvmDependenciesIndexImpl::search (385 bytes)

Stack: [0x000000d83a600000,0x000000d83a700000]
Native frames: (J=compiled Java code, j=interpreted, Vv=VM code, C=native code)
V  [jvm.dll+0x5f214a]
V  [jvm.dll+0x726fb5]
V  [jvm.dll+0x7285cd]
V  [jvm.dll+0x728c83]
V  [jvm.dll+0x243278]
V  [jvm.dll+0xbc53c]
V  [jvm.dll+0xbca3c]
V  [jvm.dll+0x353e7d]
V  [jvm.dll+0x321893]
V  [jvm.dll+0x320d8a]
V  [jvm.dll+0x1fc1e2]
V  [jvm.dll+0x1fb3d4]
V  [jvm.dll+0x183d6c]
V  [jvm.dll+0x209a57]
V  [jvm.dll+0x2082a1]
V  [jvm.dll+0x6ef58f]
V  [jvm.dll+0x6e80b5]
V  [jvm.dll+0x5f1036]
C  [ucrtbase.dll+0x26c0c]
C  [KERNEL32.DLL+0x154e0]
C  [ntdll.dll+0x485b]


---------------  P R O C E S S  ---------------

Threads class SMR info:
_java_thread_list=0x0000025f38849ed0, length=12, elements={
0x0000025f134ac000, 0x0000025f2f97e800, 0x0000025f2f98a000, 0x0000025f2f99e800,
0x0000025f2f99f800, 0x0000025f2f9a2800, 0x0000025f30315000, 0x0000025f30319000,
0x0000025f30327800, 0x0000025f30483800, 0x0000025f31809000, 0x0000025f3406c800
}

Java Threads: ( => current thread )
  0x0000025f134ac000 JavaThread "main" [_thread_in_native, id=5132, stack(0x000000d839a00000,0x000000d839b00000)]
  0x0000025f2f97e800 JavaThread "Reference Handler" daemon [_thread_blocked, id=9612, stack(0x000000d83a100000,0x000000d83a200000)]
  0x0000025f2f98a000 JavaThread "Finalizer" daemon [_thread_blocked, id=14152, stack(0x000000d83a200000,0x000000d83a300000)]
  0x0000025f2f99e800 JavaThread "Signal Dispatcher" daemon [_thread_blocked, id=8900, stack(0x000000d83a300000,0x000000d83a400000)]
  0x0000025f2f99f800 JavaThread "Attach Listener" daemon [_thread_blocked, id=7660, stack(0x000000d83a400000,0x000000d83a500000)]
  0x0000025f2f9a2800 JavaThread "Service Thread" daemon [_thread_blocked, id=2984, stack(0x000000d83a500000,0x000000d83a600000)]
=>0x0000025f30315000 JavaThread "C2 CompilerThread0" daemon [_thread_in_native, id=8892, stack(0x000000d83a600000,0x000000d83a700000)]
  0x0000025f30319000 JavaThread "C1 CompilerThread0" daemon [_thread_blocked, id=13612, stack(0x000000d83a700000,0x000000d83a800000)]
  0x0000025f30327800 JavaThread "Sweeper thread" daemon [_thread_blocked, id=9716, stack(0x000000d83a800000,0x000000d83a900000)]
  0x0000025f30483800 JavaThread "Common-Cleaner" daemon [_thread_blocked, id=11196, stack(0x000000d83aa00000,0x000000d83ab00000)]
  0x0000025f31809000 JavaThread "C2 CompilerThread1" daemon [_thread_in_native, id=12268, stack(0x000000d83ae00000,0x000000d83af00000)]
  0x0000025f3406c800 JavaThread "C2 CompilerThread2" daemon [_thread_in_native, id=10304, stack(0x000000d83af00000,0x000000d83b000000)]

Other Threads:
  0x0000025f2f95a800 VMThread "VM Thread" [stack: 0x000000d83a000000,0x000000d83a100000] [id=9780]
  0x0000025f3047b000 WatcherThread [stack: 0x000000d83a900000,0x000000d83aa00000] [id=2584]
  0x0000025f136b8000 GCTaskThread "GC Thread#0" [stack: 0x000000d839b00000,0x000000d839c00000] [id=5532]
  0x0000025f30a18000 GCTaskThread "GC Thread#1" [stack: 0x000000d83ac00000,0x000000d83ad00000] [id=13912]
  0x0000025f3519b800 GCTaskThread "GC Thread#2" [stack: 0x000000d83b000000,0x000000d83b100000] [id=2312]
  0x0000025f136e6000 ConcurrentGCThread "G1 Main Marker" [stack: 0x000000d839c00000,0x000000d839d00000] [id=7176]
  0x0000025f136e9800 ConcurrentGCThread "G1 Conc#0" [stack: 0x000000d839d00000,0x000000d839e00000] [id=4264]
  0x0000025f30bbf000 ConcurrentGCThread "G1 Conc#1" [stack: 0x000000d83ab00000,0x000000d83ac00000] [id=6856]
  0x0000025f30ad5000 ConcurrentGCThread "G1 Conc#2" [stack: 0x000000d83ad00000,0x000000d83ae00000] [id=9320]
  0x0000025f2f7c4800 ConcurrentGCThread "G1 Refine#0" [stack: 0x000000d839e00000,0x000000d839f00000] [id=10096]
  0x0000025f37ed2800 ConcurrentGCThread "G1 Refine#1" [stack: 0x000000d83b100000,0x000000d83b200000] [id=13444]
  0x0000025f33bed000 ConcurrentGCThread "G1 Refine#2" [stack: 0x000000d83b200000,0x000000d83b300000] [id=2296]
  0x0000025f33bed800 ConcurrentGCThread "G1 Refine#3" [stack: 0x000000d83b300000,0x000000d83b400000] [id=12164]
  0x0000025f2f7c5800 ConcurrentGCThread "G1 Young RemSet Sampling" [stack: 0x000000d839f00000,0x000000d83a000000] [id=11356]

Threads with active compile tasks:
C2 CompilerThread0  12037 7654       4       org.jetbrains.kotlin.cli.jvm.index.JvmDependenciesIndexImpl::search (385 bytes)
C2 CompilerThread1  12037 7711       4       org.jetbrains.kotlin.load.java.structure.impl.classFiles.BinaryJavaAnnotation$Companion::createAnnotationAndVisitor (69 bytes)
C2 CompilerThread2  12037 7622       4       org.jetbrains.kotlin.backend.common.serialization.mangle.descriptor.DescriptorMangleComputer::mangleType (553 bytes)

VM state:not at safepoint (normal execution)

VM Mutex/Monitor currently owned by a thread: None

Heap address: 0x000000008a000000, size: 1888 MB, Compressed Oops mode: 32-bit
Narrow klass base: 0x0000000000000000, Narrow klass shift: 3
Compressed class space size: 1073741824 Address: 0x0000000100000000

Heap:
 garbage-first heap   total 182272K, used 62464K [0x000000008a000000, 0x0000000100000000)
  region size 1024K, 14 young (14336K), 5 survivors (5120K)
 Metaspace       used 67691K, capacity 68444K, committed 68736K, reserved 1110016K
  class space    used 7651K, capacity 7970K, committed 8064K, reserved 1048576K
Heap Regions: E=young(eden), S=young(survivor), O=old, HS=humongous(starts), HC=humongous(continues), CS=collection set, F=free, A=archive, TAMS=top-at-mark-start (previous, next)
|   0|0x000000008a000000, 0x000000008a100000, 0x000000008a100000|100%|HS|  |TAMS 0x000000008a100000, 0x000000008a000000| Complete 
|   1|0x000000008a100000, 0x000000008a200000, 0x000000008a200000|100%|HC|  |TAMS 0x000000008a200000, 0x000000008a100000| Complete 
|   2|0x000000008a200000, 0x000000008a300000, 0x000000008a300000|100%|HC|  |TAMS 0x000000008a300000, 0x000000008a200000| Complete 
|   3|0x000000008a300000, 0x000000008a400000, 0x000000008a400000|100%|HS|  |TAMS 0x000000008a400000, 0x000000008a300000| Complete 
|   4|0x000000008a400000, 0x000000008a500000, 0x000000008a500000|100%|HC|  |TAMS 0x000000008a500000, 0x000000008a400000| Complete 
|   5|0x000000008a500000, 0x000000008a600000, 0x000000008a600000|100%|HC|  |TAMS 0x000000008a600000, 0x000000008a500000| Complete 
|   6|0x000000008a600000, 0x000000008a700000, 0x000000008a700000|100%|HS|  |TAMS 0x000000008a700000, 0x000000008a600000| Complete 
|   7|0x000000008a700000, 0x000000008a800000, 0x000000008a800000|100%|HC|  |TAMS 0x000000008a800000, 0x000000008a700000| Complete 
|   8|0x000000008a800000, 0x000000008a900000, 0x000000008a900000|100%| O|  |TAMS 0x000000008a900000, 0x000000008a800000| Untracked 
|   9|0x000000008a900000, 0x000000008aa00000, 0x000000008aa00000|100%| O|  |TAMS 0x000000008aa00000, 0x000000008a900000| Untracked 
|  10|0x000000008aa00000, 0x000000008ab00000, 0x000000008ab00000|100%| O|  |TAMS 0x000000008ab00000, 0x000000008aa00000| Untracked 
|  11|0x000000008ab00000, 0x000000008ac00000, 0x000000008ac00000|100%| O|  |TAMS 0x000000008ac00000, 0x000000008ab00000| Untracked 
|  12|0x000000008ac00000, 0x000000008ad00000, 0x000000008ad00000|100%| O|  |TAMS 0x000000008ad00000, 0x000000008ac00000| Untracked 
|  13|0x000000008ad00000, 0x000000008ae00000, 0x000000008ae00000|100%| O|  |TAMS 0x000000008ae00000, 0x000000008ad00000| Untracked 
|  14|0x000000008ae00000, 0x000000008af00000, 0x000000008af00000|100%| O|  |TAMS 0x000000008af00000, 0x000000008ae00000| Untracked 
|  15|0x000000008af00000, 0x000000008b000000, 0x000000008b000000|100%| O|  |TAMS 0x000000008b000000, 0x000000008af00000| Untracked 
|  16|0x000000008b000000, 0x000000008b100000, 0x000000008b100000|100%| O|  |TAMS 0x000000008b100000, 0x000000008b000000| Untracked 
|  17|0x000000008b100000, 0x000000008b200000, 0x000000008b200000|100%| O|  |TAMS 0x000000008b200000, 0x000000008b100000| Untracked 
|  18|0x000000008b200000, 0x000000008b300000, 0x000000008b300000|100%| O|  |TAMS 0x000000008b300000, 0x000000008b200000| Untracked 
|  19|0x000000008b300000, 0x000000008b400000, 0x000000008b400000|100%| O|  |TAMS 0x000000008b400000, 0x000000008b300000| Untracked 
|  20|0x000000008b400000, 0x000000008b500000, 0x000000008b500000|100%| O|  |TAMS 0x000000008b500000, 0x000000008b400000| Untracked 
|  21|0x000000008b500000, 0x000000008b600000, 0x000000008b600000|100%| O|  |TAMS 0x000000008b600000, 0x000000008b500000| Untracked 
|  22|0x000000008b600000, 0x000000008b700000, 0x000000008b700000|100%| O|  |TAMS 0x000000008b700000, 0x000000008b600000| Untracked 
|  23|0x000000008b700000, 0x000000008b800000, 0x000000008b800000|100%| O|  |TAMS 0x000000008b800000, 0x000000008b700000| Untracked 
|  24|0x000000008b800000, 0x000000008b900000, 0x000000008b900000|100%| O|  |TAMS 0x000000008b900000, 0x000000008b800000| Untracked 
|  25|0x000000008b900000, 0x000000008ba00000, 0x000000008ba00000|100%| O|  |TAMS 0x000000008ba00000, 0x000000008b900000| Untracked 
|  26|0x000000008ba00000, 0x000000008bb00000, 0x000000008bb00000|100%| O|  |TAMS 0x000000008bb00000, 0x000000008ba00000| Untracked 
|  27|0x000000008bb00000, 0x000000008bc00000, 0x000000008bc00000|100%| O|  |TAMS 0x000000008bc00000, 0x000000008bb00000| Untracked 
|  28|0x000000008bc00000, 0x000000008bd00000, 0x000000008bd00000|100%| O|  |TAMS 0x000000008bd00000, 0x000000008bc00000| Untracked 
|  29|0x000000008bd00000, 0x000000008be00000, 0x000000008be00000|100%| O|  |TAMS 0x000000008be00000, 0x000000008bd00000| Untracked 
|  30|0x000000008be00000, 0x000000008bf00000, 0x000000008bf00000|100%| O|  |TAMS 0x000000008bf00000, 0x000000008be00000| Untracked 
|  31|0x000000008bf00000, 0x000000008c000000, 0x000000008c000000|100%| O|  |TAMS 0x000000008bf00000, 0x000000008bf00000| Untracked 
|  32|0x000000008c000000, 0x000000008c100000, 0x000000008c100000|100%| O|  |TAMS 0x000000008c100000, 0x000000008c000000| Untracked 
|  33|0x000000008c100000, 0x000000008c200000, 0x000000008c200000|100%| O|  |TAMS 0x000000008c200000, 0x000000008c100000| Untracked 
|  34|0x000000008c200000, 0x000000008c300000, 0x000000008c300000|100%| O|  |TAMS 0x000000008c300000, 0x000000008c200000| Untracked 
|  35|0x000000008c300000, 0x000000008c400000, 0x000000008c400000|100%| O|  |TAMS 0x000000008c400000, 0x000000008c300000| Untracked 
|  36|0x000000008c400000, 0x000000008c500000, 0x000000008c500000|100%| O|  |TAMS 0x000000008c500000, 0x000000008c400000| Untracked 
|  37|0x000000008c500000, 0x000000008c600000, 0x000000008c600000|100%| O|  |TAMS 0x000000008c600000, 0x000000008c500000| Untracked 
|  38|0x000000008c600000, 0x000000008c700000, 0x000000008c700000|100%| O|  |TAMS 0x000000008c700000, 0x000000008c600000| Untracked 
|  39|0x000000008c700000, 0x000000008c800000, 0x000000008c800000|100%| O|  |TAMS 0x000000008c800000, 0x000000008c700000| Untracked 
|  40|0x000000008c800000, 0x000000008c900000, 0x000000008c900000|100%| O|  |TAMS 0x000000008c8e5600, 0x000000008c800000| Untracked 
|  41|0x000000008c900000, 0x000000008ca00000, 0x000000008ca00000|100%| O|  |TAMS 0x000000008c900000, 0x000000008c900000| Untracked 
|  42|0x000000008ca00000, 0x000000008cb00000, 0x000000008cb00000|100%| O|  |TAMS 0x000000008ca00000, 0x000000008ca00000| Untracked 
|  43|0x000000008cb00000, 0x000000008cc00000, 0x000000008cc00000|100%| O|  |TAMS 0x000000008cb00000, 0x000000008cb00000| Untracked 
|  44|0x000000008cc00000, 0x000000008cd00000, 0x000000008cd00000|100%| O|  |TAMS 0x000000008cc00000, 0x000000008cc00000| Untracked 
|  45|0x000000008cd00000, 0x000000008ce00000, 0x000000008ce00000|100%| O|  |TAMS 0x000000008cd00000, 0x000000008cd00000| Untracked 
|  46|0x000000008ce00000, 0x000000008cf00000, 0x000000008cf00000|100%| O|  |TAMS 0x000000008ce00000, 0x000000008ce00000| Untracked 
|  47|0x000000008cf00000, 0x000000008d000000, 0x000000008d000000|100%| O|  |TAMS 0x000000008cf00000, 0x000000008cf00000| Untracked 
|  48|0x000000008d000000, 0x000000008d080000, 0x000000008d100000| 50%| O|  |TAMS 0x000000008d000000, 0x000000008d000000| Untracked 
|  49|0x000000008d100000, 0x000000008d100000, 0x000000008d200000|  0%| F|  |TAMS 0x000000008d100000, 0x000000008d100000| Untracked 
|  50|0x000000008d200000, 0x000000008d200000, 0x000000008d300000|  0%| F|  |TAMS 0x000000008d200000, 0x000000008d200000| Untracked 
|  51|0x000000008d300000, 0x000000008d300000, 0x000000008d400000|  0%| F|  |TAMS 0x000000008d300000, 0x000000008d300000| Untracked 
|  52|0x000000008d400000, 0x000000008d400000, 0x000000008d500000|  0%| F|  |TAMS 0x000000008d400000, 0x000000008d400000| Untracked 
|  53|0x000000008d500000, 0x000000008d500000, 0x000000008d600000|  0%| F|  |TAMS 0x000000008d500000, 0x000000008d500000| Untracked 
|  54|0x000000008d600000, 0x000000008d600000, 0x000000008d700000|  0%| F|  |TAMS 0x000000008d600000, 0x000000008d600000| Untracked 
|  55|0x000000008d700000, 0x000000008d700000, 0x000000008d800000|  0%| F|  |TAMS 0x000000008d700000, 0x000000008d700000| Untracked 
|  56|0x000000008d800000, 0x000000008d800000, 0x000000008d900000|  0%| F|  |TAMS 0x000000008d800000, 0x000000008d800000| Untracked 
|  57|0x000000008d900000, 0x000000008d900000, 0x000000008da00000|  0%| F|  |TAMS 0x000000008d900000, 0x000000008d900000| Untracked 
|  58|0x000000008da00000, 0x000000008da00000, 0x000000008db00000|  0%| F|  |TAMS 0x000000008da00000, 0x000000008da00000| Untracked 
|  59|0x000000008db00000, 0x000000008db00000, 0x000000008dc00000|  0%| F|  |TAMS 0x000000008db00000, 0x000000008db00000| Untracked 
|  60|0x000000008dc00000, 0x000000008dc00000, 0x000000008dd00000|  0%| F|  |TAMS 0x000000008dc00000, 0x000000008dc00000| Untracked 
|  61|0x000000008dd00000, 0x000000008dd00000, 0x000000008de00000|  0%| F|  |TAMS 0x000000008dd00000, 0x000000008dd00000| Untracked 
|  62|0x000000008de00000, 0x000000008de00000, 0x000000008df00000|  0%| F|  |TAMS 0x000000008de00000, 0x000000008de00000| Untracked 
|  63|0x000000008df00000, 0x000000008df00000, 0x000000008e000000|  0%| F|  |TAMS 0x000000008df00000, 0x000000008df00000| Untracked 
|  64|0x000000008e000000, 0x000000008e000000, 0x000000008e100000|  0%| F|  |TAMS 0x000000008e000000, 0x000000008e000000| Untracked 
|  65|0x000000008e100000, 0x000000008e100000, 0x000000008e200000|  0%| F|  |TAMS 0x000000008e100000, 0x000000008e100000| Untracked 
|  66|0x000000008e200000, 0x000000008e200000, 0x000000008e300000|  0%| F|  |TAMS 0x000000008e200000, 0x000000008e200000| Untracked 
|  67|0x000000008e300000, 0x000000008e300000, 0x000000008e400000|  0%| F|  |TAMS 0x000000008e300000, 0x000000008e300000| Untracked 
|  68|0x000000008e400000, 0x000000008e400000, 0x000000008e500000|  0%| F|  |TAMS 0x000000008e400000, 0x000000008e400000| Untracked 
|  69|0x000000008e500000, 0x000000008e500000, 0x000000008e600000|  0%| F|  |TAMS 0x000000008e500000, 0x000000008e500000| Untracked 
|  70|0x000000008e600000, 0x000000008e600000, 0x000000008e700000|  0%| F|  |TAMS 0x000000008e600000, 0x000000008e600000| Untracked 
|  71|0x000000008e700000, 0x000000008e700000, 0x000000008e800000|  0%| F|  |TAMS 0x000000008e700000, 0x000000008e700000| Untracked 
|  72|0x000000008e800000, 0x000000008e800000, 0x000000008e900000|  0%| F|  |TAMS 0x000000008e800000, 0x000000008e800000| Untracked 
|  73|0x000000008e900000, 0x000000008e900000, 0x000000008ea00000|  0%| F|  |TAMS 0x000000008e900000, 0x000000008e900000| Untracked 
|  74|0x000000008ea00000, 0x000000008ea00000, 0x000000008eb00000|  0%| F|  |TAMS 0x000000008ea00000, 0x000000008ea00000| Untracked 
|  75|0x000000008eb00000, 0x000000008eb00000, 0x000000008ec00000|  0%| F|  |TAMS 0x000000008eb00000, 0x000000008eb00000| Untracked 
|  76|0x000000008ec00000, 0x000000008ec00000, 0x000000008ed00000|  0%| F|  |TAMS 0x000000008ec00000, 0x000000008ec00000| Untracked 
|  77|0x000000008ed00000, 0x000000008ed00000, 0x000000008ee00000|  0%| F|  |TAMS 0x000000008ed00000, 0x000000008ed00000| Untracked 
|  78|0x000000008ee00000, 0x000000008ee00000, 0x000000008ef00000|  0%| F|  |TAMS 0x000000008ee00000, 0x000000008ee00000| Untracked 
|  79|0x000000008ef00000, 0x000000008ef00000, 0x000000008f000000|  0%| F|  |TAMS 0x000000008ef00000, 0x000000008ef00000| Untracked 
|  80|0x000000008f000000, 0x000000008f000000, 0x000000008f100000|  0%| F|  |TAMS 0x000000008f000000, 0x000000008f000000| Untracked 
|  81|0x000000008f100000, 0x000000008f180000, 0x000000008f200000| 50%| S|CS|TAMS 0x000000008f100000, 0x000000008f100000| Complete 
|  82|0x000000008f200000, 0x000000008f300000, 0x000000008f300000|100%| S|CS|TAMS 0x000000008f200000, 0x000000008f200000| Complete 
|  83|0x000000008f300000, 0x000000008f400000, 0x000000008f400000|100%| S|CS|TAMS 0x000000008f300000, 0x000000008f300000| Complete 
|  84|0x000000008f400000, 0x000000008f400000, 0x000000008f500000|  0%| F|  |TAMS 0x000000008f400000, 0x000000008f400000| Untracked 
|  85|0x000000008f500000, 0x000000008f500000, 0x000000008f600000|  0%| F|  |TAMS 0x000000008f500000, 0x000000008f500000| Untracked 
|  86|0x000000008f600000, 0x000000008f600000, 0x000000008f700000|  0%| F|  |TAMS 0x000000008f600000, 0x000000008f600000| Untracked 
|  87|0x000000008f700000, 0x000000008f700000, 0x000000008f800000|  0%| F|  |TAMS 0x000000008f700000, 0x000000008f700000| Untracked 
|  88|0x000000008f800000, 0x000000008f800000, 0x000000008f900000|  0%| F|  |TAMS 0x000000008f800000, 0x000000008f800000| Untracked 
|  89|0x000000008f900000, 0x000000008f900000, 0x000000008fa00000|  0%| F|  |TAMS 0x000000008f900000, 0x000000008f900000| Untracked 
|  90|0x000000008fa00000, 0x000000008fa00000, 0x000000008fb00000|  0%| F|  |TAMS 0x000000008fa00000, 0x000000008fa00000| Untracked 
|  91|0x000000008fb00000, 0x000000008fb00000, 0x000000008fc00000|  0%| F|  |TAMS 0x000000008fb00000, 0x000000008fb00000| Untracked 
|  92|0x000000008fc00000, 0x000000008fc00000, 0x000000008fd00000|  0%| F|  |TAMS 0x000000008fc00000, 0x000000008fc00000| Untracked 
|  93|0x000000008fd00000, 0x000000008fe00000, 0x000000008fe00000|100%| S|CS|TAMS 0x000000008fd00000, 0x000000008fd00000| Complete 
|  94|0x000000008fe00000, 0x000000008ff00000, 0x000000008ff00000|100%| S|CS|TAMS 0x000000008fe00000, 0x000000008fe00000| Complete 
|  95|0x000000008ff00000, 0x000000008ff00000, 0x0000000090000000|  0%| F|  |TAMS 0x000000008ff00000, 0x000000008ff00000| Untracked 
|  96|0x0000000090000000, 0x0000000090000000, 0x0000000090100000|  0%| F|  |TAMS 0x0000000090000000, 0x0000000090000000| Untracked 
|  97|0x0000000090100000, 0x0000000090100000, 0x0000000090200000|  0%| F|  |TAMS 0x0000000090100000, 0x0000000090100000| Untracked 
|  98|0x0000000090200000, 0x0000000090200000, 0x0000000090300000|  0%| F|  |TAMS 0x0000000090200000, 0x0000000090200000| Untracked 
|  99|0x0000000090300000, 0x0000000090300000, 0x0000000090400000|  0%| F|  |TAMS 0x0000000090300000, 0x0000000090300000| Untracked 
| 100|0x0000000090400000, 0x0000000090400000, 0x0000000090500000|  0%| F|  |TAMS 0x0000000090400000, 0x0000000090400000| Untracked 
| 101|0x0000000090500000, 0x0000000090500000, 0x0000000090600000|  0%| F|  |TAMS 0x0000000090500000, 0x0000000090500000| Untracked 
| 102|0x0000000090600000, 0x0000000090600000, 0x0000000090700000|  0%| F|  |TAMS 0x0000000090600000, 0x0000000090600000| Untracked 
| 103|0x0000000090700000, 0x0000000090700000, 0x0000000090800000|  0%| F|  |TAMS 0x0000000090700000, 0x0000000090700000| Untracked 
| 104|0x0000000090800000, 0x0000000090800000, 0x0000000090900000|  0%| F|  |TAMS 0x0000000090800000, 0x0000000090800000| Untracked 
| 105|0x0000000090900000, 0x0000000090900000, 0x0000000090a00000|  0%| F|  |TAMS 0x0000000090900000, 0x0000000090900000| Untracked 
| 106|0x0000000090a00000, 0x0000000090a00000, 0x0000000090b00000|  0%| F|  |TAMS 0x0000000090a00000, 0x0000000090a00000| Untracked 
| 107|0x0000000090b00000, 0x0000000090b00000, 0x0000000090c00000|  0%| F|  |TAMS 0x0000000090b00000, 0x0000000090b00000| Untracked 
| 108|0x0000000090c00000, 0x0000000090c00000, 0x0000000090d00000|  0%| F|  |TAMS 0x0000000090c00000, 0x0000000090c00000| Untracked 
| 109|0x0000000090d00000, 0x0000000090d00000, 0x0000000090e00000|  0%| F|  |TAMS 0x0000000090d00000, 0x0000000090d00000| Untracked 
| 110|0x0000000090e00000, 0x0000000090e00000, 0x0000000090f00000|  0%| F|  |TAMS 0x0000000090e00000, 0x0000000090e00000| Untracked 
| 111|0x0000000090f00000, 0x0000000090f00000, 0x0000000091000000|  0%| F|  |TAMS 0x0000000090f00000, 0x0000000090f00000| Untracked 
| 112|0x0000000091000000, 0x0000000091000000, 0x0000000091100000|  0%| F|  |TAMS 0x0000000091000000, 0x0000000091000000| Untracked 
| 113|0x0000000091100000, 0x0000000091100000, 0x0000000091200000|  0%| F|  |TAMS 0x0000000091100000, 0x0000000091100000| Untracked 
| 114|0x0000000091200000, 0x0000000091200000, 0x0000000091300000|  0%| F|  |TAMS 0x0000000091200000, 0x0000000091200000| Untracked 
| 115|0x0000000091300000, 0x0000000091300000, 0x0000000091400000|  0%| F|  |TAMS 0x0000000091300000, 0x0000000091300000| Untracked 
| 116|0x0000000091400000, 0x0000000091400000, 0x0000000091500000|  0%| F|  |TAMS 0x0000000091400000, 0x0000000091400000| Untracked 
| 117|0x0000000091500000, 0x0000000091500000, 0x0000000091600000|  0%| F|  |TAMS 0x0000000091500000, 0x0000000091500000| Untracked 
| 118|0x0000000091600000, 0x0000000091600000, 0x0000000091700000|  0%| F|  |TAMS 0x0000000091600000, 0x0000000091600000| Untracked 
| 119|0x0000000091700000, 0x0000000091700000, 0x0000000091800000|  0%| F|  |TAMS 0x0000000091700000, 0x0000000091700000| Untracked 
| 120|0x0000000091800000, 0x0000000091800000, 0x0000000091900000|  0%| F|  |TAMS 0x0000000091800000, 0x0000000091800000| Untracked 
| 121|0x0000000091900000, 0x0000000091900000, 0x0000000091a00000|  0%| F|  |TAMS 0x0000000091900000, 0x0000000091900000| Untracked 
| 122|0x0000000091a00000, 0x0000000091a00000, 0x0000000091b00000|  0%| F|  |TAMS 0x0000000091a00000, 0x0000000091a00000| Untracked 
| 123|0x0000000091b00000, 0x0000000091b00000, 0x0000000091c00000|  0%| F|  |TAMS 0x0000000091b00000, 0x0000000091b00000| Untracked 
| 124|0x0000000091c00000, 0x0000000091c00000, 0x0000000091d00000|  0%| F|  |TAMS 0x0000000091c00000, 0x0000000091c00000| Untracked 
| 125|0x0000000091d00000, 0x0000000091d00000, 0x0000000091e00000|  0%| F|  |TAMS 0x0000000091d00000, 0x0000000091d00000| Untracked 
| 126|0x0000000091e00000, 0x0000000091e00000, 0x0000000091f00000|  0%| F|  |TAMS 0x0000000091e00000, 0x0000000091e00000| Untracked 
| 127|0x0000000091f00000, 0x0000000091f00000, 0x0000000092000000|  0%| F|  |TAMS 0x0000000091f00000, 0x0000000091f00000| Untracked 
| 128|0x0000000092000000, 0x0000000092000000, 0x0000000092100000|  0%| F|  |TAMS 0x0000000092000000, 0x0000000092000000| Untracked 
| 129|0x0000000092100000, 0x0000000092100000, 0x0000000092200000|  0%| F|  |TAMS 0x0000000092100000, 0x0000000092100000| Untracked 
| 130|0x0000000092200000, 0x0000000092200000, 0x0000000092300000|  0%| F|  |TAMS 0x0000000092200000, 0x0000000092200000| Untracked 
| 131|0x0000000092300000, 0x0000000092300000, 0x0000000092400000|  0%| F|  |TAMS 0x0000000092300000, 0x0000000092300000| Untracked 
| 132|0x0000000092400000, 0x0000000092400000, 0x0000000092500000|  0%| F|  |TAMS 0x0000000092400000, 0x0000000092400000| Untracked 
| 133|0x0000000092500000, 0x0000000092500000, 0x0000000092600000|  0%| F|  |TAMS 0x0000000092500000, 0x0000000092500000| Untracked 
| 134|0x0000000092600000, 0x0000000092600000, 0x0000000092700000|  0%| F|  |TAMS 0x0000000092600000, 0x0000000092600000| Untracked 
| 135|0x0000000092700000, 0x0000000092700000, 0x0000000092800000|  0%| F|  |TAMS 0x0000000092700000, 0x0000000092700000| Untracked 
| 136|0x0000000092800000, 0x0000000092800000, 0x0000000092900000|  0%| F|  |TAMS 0x0000000092800000, 0x0000000092800000| Untracked 
| 137|0x0000000092900000, 0x0000000092900000, 0x0000000092a00000|  0%| F|  |TAMS 0x0000000092900000, 0x0000000092900000| Untracked 
| 138|0x0000000092a00000, 0x0000000092a00000, 0x0000000092b00000|  0%| F|  |TAMS 0x0000000092a00000, 0x0000000092a00000| Untracked 
| 139|0x0000000092b00000, 0x0000000092b00000, 0x0000000092c00000|  0%| F|  |TAMS 0x0000000092b00000, 0x0000000092b00000| Untracked 
| 140|0x0000000092c00000, 0x0000000092c00000, 0x0000000092d00000|  0%| F|  |TAMS 0x0000000092c00000, 0x0000000092c00000| Untracked 
| 141|0x0000000092d00000, 0x0000000092d00000, 0x0000000092e00000|  0%| F|  |TAMS 0x0000000092d00000, 0x0000000092d00000| Untracked 
| 142|0x0000000092e00000, 0x0000000092e00000, 0x0000000092f00000|  0%| F|  |TAMS 0x0000000092e00000, 0x0000000092e00000| Untracked 
| 143|0x0000000092f00000, 0x0000000092f00000, 0x0000000093000000|  0%| F|  |TAMS 0x0000000092f00000, 0x0000000092f00000| Untracked 
| 144|0x0000000093000000, 0x0000000093000000, 0x0000000093100000|  0%| F|  |TAMS 0x0000000093000000, 0x0000000093000000| Untracked 
| 145|0x0000000093100000, 0x0000000093100000, 0x0000000093200000|  0%| F|  |TAMS 0x0000000093100000, 0x0000000093100000| Untracked 
| 146|0x0000000093200000, 0x0000000093200000, 0x0000000093300000|  0%| F|  |TAMS 0x0000000093200000, 0x0000000093200000| Untracked 
| 147|0x0000000093300000, 0x0000000093300000, 0x0000000093400000|  0%| F|  |TAMS 0x0000000093300000, 0x0000000093300000| Untracked 
| 148|0x0000000093400000, 0x0000000093400000, 0x0000000093500000|  0%| F|  |TAMS 0x0000000093400000, 0x0000000093400000| Untracked 
| 149|0x0000000093500000, 0x0000000093500000, 0x0000000093600000|  0%| F|  |TAMS 0x0000000093500000, 0x0000000093500000| Untracked 
| 150|0x0000000093600000, 0x0000000093600000, 0x0000000093700000|  0%| F|  |TAMS 0x0000000093600000, 0x0000000093600000| Untracked 
| 151|0x0000000093700000, 0x0000000093700000, 0x0000000093800000|  0%| F|  |TAMS 0x0000000093700000, 0x0000000093700000| Untracked 
| 152|0x0000000093800000, 0x0000000093800000, 0x0000000093900000|  0%| F|  |TAMS 0x0000000093800000, 0x0000000093800000| Untracked 
| 153|0x0000000093900000, 0x0000000093900000, 0x0000000093a00000|  0%| F|  |TAMS 0x0000000093900000, 0x0000000093900000| Untracked 
| 154|0x0000000093a00000, 0x0000000093a00000, 0x0000000093b00000|  0%| F|  |TAMS 0x0000000093a00000, 0x0000000093a00000| Untracked 
| 155|0x0000000093b00000, 0x0000000093b00000, 0x0000000093c00000|  0%| F|  |TAMS 0x0000000093b00000, 0x0000000093b00000| Untracked 
| 156|0x0000000093c00000, 0x0000000093c00000, 0x0000000093d00000|  0%| F|  |TAMS 0x0000000093c00000, 0x0000000093c00000| Untracked 
| 157|0x0000000093d00000, 0x0000000093d00000, 0x0000000093e00000|  0%| F|  |TAMS 0x0000000093d00000, 0x0000000093d00000| Untracked 
| 158|0x0000000093e00000, 0x0000000093e00000, 0x0000000093f00000|  0%| F|  |TAMS 0x0000000093e00000, 0x0000000093e00000| Untracked 
| 159|0x0000000093f00000, 0x0000000093f00000, 0x0000000094000000|  0%| F|  |TAMS 0x0000000093f00000, 0x0000000093f00000| Untracked 
| 160|0x0000000094000000, 0x0000000094000000, 0x0000000094100000|  0%| F|  |TAMS 0x0000000094000000, 0x0000000094000000| Untracked 
| 161|0x0000000094100000, 0x0000000094100000, 0x0000000094200000|  0%| F|  |TAMS 0x0000000094100000, 0x0000000094100000| Untracked 
| 162|0x0000000094200000, 0x0000000094200000, 0x0000000094300000|  0%| F|  |TAMS 0x0000000094200000, 0x0000000094200000| Untracked 
| 163|0x0000000094300000, 0x0000000094300000, 0x0000000094400000|  0%| F|  |TAMS 0x0000000094300000, 0x0000000094300000| Untracked 
| 164|0x0000000094400000, 0x0000000094400000, 0x0000000094500000|  0%| F|  |TAMS 0x0000000094400000, 0x0000000094400000| Untracked 
| 165|0x0000000094500000, 0x0000000094500000, 0x0000000094600000|  0%| F|  |TAMS 0x0000000094500000, 0x0000000094500000| Untracked 
| 166|0x0000000094600000, 0x0000000094600000, 0x0000000094700000|  0%| F|  |TAMS 0x0000000094600000, 0x0000000094600000| Untracked 
| 167|0x0000000094700000, 0x0000000094700000, 0x0000000094800000|  0%| F|  |TAMS 0x0000000094700000, 0x0000000094700000| Untracked 
| 168|0x0000000094800000, 0x0000000094800000, 0x0000000094900000|  0%| F|  |TAMS 0x0000000094800000, 0x0000000094800000| Untracked 
| 169|0x0000000094900000, 0x0000000094a00000, 0x0000000094a00000|100%| E|  |TAMS 0x0000000094900000, 0x0000000094900000| Complete 
| 170|0x0000000094a00000, 0x0000000094b00000, 0x0000000094b00000|100%| E|CS|TAMS 0x0000000094a00000, 0x0000000094a00000| Complete 
| 171|0x0000000094b00000, 0x0000000094c00000, 0x0000000094c00000|100%| E|CS|TAMS 0x0000000094b00000, 0x0000000094b00000| Complete 
| 172|0x0000000094c00000, 0x0000000094d00000, 0x0000000094d00000|100%| E|CS|TAMS 0x0000000094c00000, 0x0000000094c00000| Complete 
| 173|0x0000000094d00000, 0x0000000094e00000, 0x0000000094e00000|100%| E|CS|TAMS 0x0000000094d00000, 0x0000000094d00000| Complete 
| 174|0x0000000094e00000, 0x0000000094f00000, 0x0000000094f00000|100%| E|CS|TAMS 0x0000000094e00000, 0x0000000094e00000| Complete 
| 175|0x0000000094f00000, 0x0000000095000000, 0x0000000095000000|100%| E|CS|TAMS 0x0000000094f00000, 0x0000000094f00000| Complete 
| 176|0x0000000095000000, 0x0000000095100000, 0x0000000095100000|100%| E|CS|TAMS 0x0000000095000000, 0x0000000095000000| Complete 
| 177|0x0000000095100000, 0x0000000095200000, 0x0000000095200000|100%| E|CS|TAMS 0x0000000095100000, 0x0000000095100000| Complete 

Card table byte_map: [0x0000025f28a20000,0x0000025f28dd0000] _byte_map_base: 0x0000025f285d0000

Marking Bits (Prev, Next): (CMBitMap*) 0x0000025f136ddf30, (CMBitMap*) 0x0000025f136ddef8
 Prev Bits: [0x0000025f2af00000, 0x0000025f2cc80000)
 Next Bits: [0x0000025f29180000, 0x0000025f2af00000)

Polling page: 0x0000025f13770000

Metaspace:

Usage:
  Non-class:     59.12 MB capacity,    58.68 MB (>99%) used,   347.67 KB ( <1%) free+waste,   103.81 KB ( <1%) overhead. 
      Class:      7.78 MB capacity,     7.48 MB ( 96%) used,   267.34 KB (  3%) free+waste,    45.00 KB ( <1%) overhead. 
       Both:     66.90 MB capacity,    66.16 MB ( 99%) used,   615.01 KB ( <1%) free+waste,   148.81 KB ( <1%) overhead. 

Virtual space:
  Non-class space:       60.00 MB reserved,      59.25 MB ( 99%) committed 
      Class space:        1.00 GB reserved,       7.88 MB ( <1%) committed 
             Both:        1.06 GB reserved,      67.13 MB (  6%) committed 

Chunk freelists:
   Non-Class:  6.00 KB
       Class:  30.00 KB
        Both:  36.00 KB

MaxMetaspaceSize: 17179869184.00 GB
CompressedClassSpaceSize: 1.00 GB

CodeHeap 'non-profiled nmethods': size=120000Kb used=4190Kb max_used=4190Kb free=115809Kb
 bounds [0x0000025f20480000, 0x0000025f208a0000, 0x0000025f279b0000]
CodeHeap 'profiled nmethods': size=120000Kb used=20862Kb max_used=20862Kb free=99138Kb
 bounds [0x0000025f18f50000, 0x0000025f1a3b0000, 0x0000025f20480000]
CodeHeap 'non-nmethods': size=5760Kb used=1268Kb max_used=1317Kb free=4491Kb
 bounds [0x0000025f189b0000, 0x0000025f18c20000, 0x0000025f18f50000]
 total_blobs=8416 nmethods=7768 adapters=557
 compilation: enabled
              stopped_count=0, restarted_count=0
 full_count=0

Compilation events (20 events):
Event: 12.001 Thread 0x0000025f30319000 nmethod 7779 0x0000025f20895a10 code [0x0000025f20895bc0, 0x0000025f20895c78]
Event: 12.001 Thread 0x0000025f30319000 7782       1       org.jetbrains.kotlin.backend.common.serialization.signature.IdSignatureBuilder::setContainer (6 bytes)
Event: 12.001 Thread 0x0000025f30319000 nmethod 7782 0x0000025f20895d10 code [0x0000025f20895ec0, 0x0000025f20895fb8]
Event: 12.001 Thread 0x0000025f30319000 7784       3       org.jetbrains.kotlin.ir.expressions.IrExpression::transform (19 bytes)
Event: 12.001 Thread 0x0000025f31809000 nmethod 7737 0x0000025f20896010 code [0x0000025f208961e0, 0x0000025f20896618]
Event: 12.001 Thread 0x0000025f31809000 7715       4       org.jetbrains.kotlin.types.checker.SimpleClassicTypeSystemContext::hasAnnotation (7 bytes)
Event: 12.002 Thread 0x0000025f30319000 nmethod 7784 0x0000025f1a391490 code [0x0000025f1a3916e0, 0x0000025f1a391f28]
Event: 12.002 Thread 0x0000025f30319000 7786       3       java.lang.Integer::formatUnsignedInt (44 bytes)
Event: 12.002 Thread 0x0000025f30319000 nmethod 7786 0x0000025f1a392190 code [0x0000025f1a392360, 0x0000025f1a392578]
Event: 12.003 Thread 0x0000025f30319000 7783       3       java.util.ArrayList::remove (26 bytes)
Event: 12.003 Thread 0x0000025f31809000 nmethod 7715 0x0000025f20896a10 code [0x0000025f20896bc0, 0x0000025f20896cb8]
Event: 12.003 Thread 0x0000025f31809000 7711       4       org.jetbrains.kotlin.load.java.structure.impl.classFiles.BinaryJavaAnnotation$Companion::createAnnotationAndVisitor (69 bytes)
Event: 12.003 Thread 0x0000025f30319000 nmethod 7783 0x0000025f1a392710 code [0x0000025f1a392940, 0x0000025f1a393098]
Event: 12.003 Thread 0x0000025f30319000 7785       3       java.lang.Integer::toUnsignedString0 (78 bytes)
Event: 12.004 Thread 0x0000025f30319000 nmethod 7785 0x0000025f1a393390 code [0x0000025f1a393580, 0x0000025f1a3939d8]
Event: 12.008 Thread 0x0000025f30319000 7787       3       org.jetbrains.kotlin.ir.visitors.IrElementTransformerVoid::visitExpression (18 bytes)
Event: 12.009 Thread 0x0000025f30319000 nmethod 7787 0x0000025f1a393b90 code [0x0000025f1a393dc0, 0x0000025f1a394428]
Event: 12.009 Thread 0x0000025f30319000 7788       3       org.jetbrains.kotlin.ir.visitors.IrElementTransformerVoid::visitDeclarationReference (16 bytes)
Event: 12.010 Thread 0x0000025f30319000 nmethod 7788 0x0000025f1a394690 code [0x0000025f1a394940, 0x0000025f1a395508]
Event: 12.010 Thread 0x0000025f30319000 7789       3       org.jetbrains.kotlin.ir.declarations.IrFunction::transformChildren (102 bytes)

GC Heap History (18 events):
Event: 1.127 GC heap before
{Heap before GC invocations=0 (full 0):
 garbage-first heap   total 120832K, used 27648K [0x000000008a000000, 0x0000000100000000)
  region size 1024K, 24 young (24576K), 0 survivors (0K)
 Metaspace       used 12358K, capacity 12504K, committed 12800K, reserved 1060864K
  class space    used 1167K, capacity 1207K, committed 1280K, reserved 1048576K
}
Event: 1.134 GC heap after
{Heap after GC invocations=1 (full 0):
 garbage-first heap   total 120832K, used 5832K [0x000000008a000000, 0x0000000100000000)
  region size 1024K, 3 young (3072K), 3 survivors (3072K)
 Metaspace       used 12358K, capacity 12504K, committed 12800K, reserved 1060864K
  class space    used 1167K, capacity 1207K, committed 1280K, reserved 1048576K
}
Event: 2.378 GC heap before
{Heap before GC invocations=1 (full 0):
 garbage-first heap   total 120832K, used 40648K [0x000000008a000000, 0x0000000100000000)
  region size 1024K, 38 young (38912K), 3 survivors (3072K)
 Metaspace       used 20878K, capacity 21094K, committed 21248K, reserved 1069056K
  class space    used 2224K, capacity 2293K, committed 2304K, reserved 1048576K
}
Event: 2.401 GC heap after
{Heap after GC invocations=2 (full 0):
 garbage-first heap   total 120832K, used 9184K [0x000000008a000000, 0x0000000100000000)
  region size 1024K, 6 young (6144K), 6 survivors (6144K)
 Metaspace       used 20878K, capacity 21094K, committed 21248K, reserved 1069056K
  class space    used 2224K, capacity 2293K, committed 2304K, reserved 1048576K
}
Event: 4.134 GC heap before
{Heap before GC invocations=3 (full 0):
 garbage-first heap   total 120832K, used 60384K [0x000000008a000000, 0x0000000100000000)
  region size 1024K, 51 young (52224K), 6 survivors (6144K)
 Metaspace       used 31941K, capacity 32482K, committed 32640K, reserved 1077248K
  class space    used 3984K, capacity 4166K, committed 4224K, reserved 1048576K
}
Event: 4.178 GC heap after
{Heap after GC invocations=4 (full 0):
 garbage-first heap   total 120832K, used 20616K [0x000000008a000000, 0x0000000100000000)
  region size 1024K, 7 young (7168K), 7 survivors (7168K)
 Metaspace       used 31941K, capacity 32482K, committed 32640K, reserved 1077248K
  class space    used 3984K, capacity 4166K, committed 4224K, reserved 1048576K
}
Event: 4.558 GC heap before
{Heap before GC invocations=4 (full 0):
 garbage-first heap   total 120832K, used 32904K [0x000000008a000000, 0x0000000100000000)
  region size 1024K, 20 young (20480K), 7 survivors (7168K)
 Metaspace       used 35002K, capacity 35463K, committed 35584K, reserved 1081344K
  class space    used 4343K, capacity 4520K, committed 4608K, reserved 1048576K
}
Event: 4.589 GC heap after
{Heap after GC invocations=5 (full 0):
 garbage-first heap   total 120832K, used 22551K [0x000000008a000000, 0x0000000100000000)
  region size 1024K, 2 young (2048K), 2 survivors (2048K)
 Metaspace       used 35002K, capacity 35463K, committed 35584K, reserved 1081344K
  class space    used 4343K, capacity 4520K, committed 4608K, reserved 1048576K
}
Event: 5.896 GC heap before
{Heap before GC invocations=6 (full 0):
 garbage-first heap   total 120832K, used 63511K [0x000000008a000000, 0x0000000100000000)
  region size 1024K, 42 young (43008K), 2 survivors (2048K)
 Metaspace       used 43485K, capacity 44088K, committed 44416K, reserved 1087488K
  class space    used 5196K, capacity 5406K, committed 5504K, reserved 1048576K
}
Event: 5.910 GC heap after
{Heap after GC invocations=7 (full 0):
 garbage-first heap   total 151552K, used 25795K [0x000000008a000000, 0x0000000100000000)
  region size 1024K, 5 young (5120K), 5 survivors (5120K)
 Metaspace       used 43485K, capacity 44088K, committed 44416K, reserved 1087488K
  class space    used 5196K, capacity 5406K, committed 5504K, reserved 1048576K
}
Event: 7.049 GC heap before
{Heap before GC invocations=7 (full 0):
 garbage-first heap   total 151552K, used 81091K [0x000000008a000000, 0x0000000100000000)
  region size 1024K, 58 young (59392K), 5 survivors (5120K)
 Metaspace       used 48281K, capacity 48849K, committed 49024K, reserved 1091584K
  class space    used 5704K, capacity 5924K, committed 6016K, reserved 1048576K
}
Event: 7.066 GC heap after
{Heap after GC invocations=8 (full 0):
 garbage-first heap   total 151552K, used 30260K [0x000000008a000000, 0x0000000100000000)
  region size 1024K, 8 young (8192K), 8 survivors (8192K)
 Metaspace       used 48281K, capacity 48849K, committed 49024K, reserved 1091584K
  class space    used 5704K, capacity 5924K, committed 6016K, reserved 1048576K
}
Event: 8.787 GC heap before
{Heap before GC invocations=8 (full 0):
 garbage-first heap   total 151552K, used 88628K [0x000000008a000000, 0x0000000100000000)
  region size 1024K, 65 young (66560K), 8 survivors (8192K)
 Metaspace       used 53150K, capacity 53722K, committed 54016K, reserved 1097728K
  class space    used 6093K, capacity 6327K, committed 6400K, reserved 1048576K
}
Event: 8.815 GC heap after
{Heap after GC invocations=9 (full 0):
 garbage-first heap   total 151552K, used 40412K [0x000000008a000000, 0x0000000100000000)
  region size 1024K, 9 young (9216K), 9 survivors (9216K)
 Metaspace       used 53150K, capacity 53722K, committed 54016K, reserved 1097728K
  class space    used 6093K, capacity 6327K, committed 6400K, reserved 1048576K
}
Event: 9.922 GC heap before
{Heap before GC invocations=9 (full 0):
 garbage-first heap   total 151552K, used 96732K [0x000000008a000000, 0x0000000100000000)
  region size 1024K, 64 young (65536K), 9 survivors (9216K)
 Metaspace       used 58826K, capacity 59525K, committed 59648K, reserved 1101824K
  class space    used 6791K, capacity 7087K, committed 7168K, reserved 1048576K
}
Event: 9.958 GC heap after
{Heap after GC invocations=10 (full 0):
 garbage-first heap   total 151552K, used 50069K [0x000000008a000000, 0x0000000100000000)
  region size 1024K, 9 young (9216K), 9 survivors (9216K)
 Metaspace       used 58826K, capacity 59525K, committed 59648K, reserved 1101824K
  class space    used 6791K, capacity 7087K, committed 7168K, reserved 1048576K
}
Event: 11.728 GC heap before
{Heap before GC invocations=11 (full 0):
 garbage-first heap   total 151552K, used 104341K [0x000000008a000000, 0x0000000100000000)
  region size 1024K, 62 young (63488K), 9 survivors (9216K)
 Metaspace       used 66909K, capacity 67676K, committed 67840K, reserved 1110016K
  class space    used 7591K, capacity 7906K, committed 7936K, reserved 1048576K
}
Event: 11.770 GC heap after
{Heap after GC invocations=12 (full 0):
 garbage-first heap   total 182272K, used 54272K [0x000000008a000000, 0x0000000100000000)
  region size 1024K, 5 young (5120K), 5 survivors (5120K)
 Metaspace       used 66909K, capacity 67676K, committed 67840K, reserved 1110016K
  class space    used 7591K, capacity 7906K, committed 7936K, reserved 1048576K
}

Deoptimization events (20 events):
Event: 11.839 Thread 0x0000025f134ac000 DEOPT PACKING pc=0x0000025f1a27e174 sp=0x000000d839afe020
Event: 11.839 Thread 0x0000025f134ac000 DEOPT UNPACKING pc=0x0000025f189d6dde sp=0x000000d839afd4c8 mode 0
Event: 11.881 Thread 0x0000025f134ac000 DEOPT PACKING pc=0x0000025f1978d9cb sp=0x000000d839afd570
Event: 11.881 Thread 0x0000025f134ac000 DEOPT UNPACKING pc=0x0000025f189d6dde sp=0x000000d839afca10 mode 0
Event: 11.884 Thread 0x0000025f134ac000 Uncommon trap: trap_request=0xffffffc6 fr.pc=0x0000025f2077dd94 relative=0x0000000000005ab4
Event: 11.884 Thread 0x0000025f134ac000 Uncommon trap: reason=bimorphic_or_optimized_type_check action=maybe_recompile pc=0x0000025f2077dd94 method=org.jetbrains.kotlin.serialization.deserialization.descriptors.DeserializedMemberScope.hasClass(Lorg/jetbrains/kotlin/name/Name;)Z @ 11 c2
Event: 11.884 Thread 0x0000025f134ac000 DEOPT PACKING pc=0x0000025f2077dd94 sp=0x000000d839afc920
Event: 11.884 Thread 0x0000025f134ac000 DEOPT UNPACKING pc=0x0000025f189d662f sp=0x000000d839afc8c0 mode 2
Event: 11.946 Thread 0x0000025f134ac000 Uncommon trap: trap_request=0xffffff4d fr.pc=0x0000025f2088e434 relative=0x00000000000009d4
Event: 11.946 Thread 0x0000025f134ac000 Uncommon trap: reason=unstable_if action=reinterpret pc=0x0000025f2088e434 method=org.jetbrains.org.objectweb.asm.ClassReader.<init>([BIZ)V @ 28 c2
Event: 11.946 Thread 0x0000025f134ac000 DEOPT PACKING pc=0x0000025f2088e434 sp=0x000000d839afbe80
Event: 11.946 Thread 0x0000025f134ac000 DEOPT UNPACKING pc=0x0000025f189d662f sp=0x000000d839afbe00 mode 2
Event: 11.953 Thread 0x0000025f134ac000 Uncommon trap: trap_request=0xffffffbe fr.pc=0x0000025f20866320 relative=0x00000000000011c0
Event: 11.953 Thread 0x0000025f134ac000 Uncommon trap: reason=profile_predicate action=maybe_recompile pc=0x0000025f20866320 method=org.jetbrains.kotlin.cli.jvm.index.JvmDependenciesIndexImpl.search(Lorg/jetbrains/kotlin/cli/jvm/index/JvmDependenciesIndexImpl$SearchRequest;Lkotlin/jvm/functions
Event: 11.953 Thread 0x0000025f134ac000 DEOPT PACKING pc=0x0000025f20866320 sp=0x000000d839afaef0
Event: 11.953 Thread 0x0000025f134ac000 DEOPT UNPACKING pc=0x0000025f189d662f sp=0x000000d839afaec8 mode 2
Event: 11.953 Thread 0x0000025f134ac000 Uncommon trap: trap_request=0xffffffc6 fr.pc=0x0000025f2077dd94 relative=0x0000000000005ab4
Event: 11.953 Thread 0x0000025f134ac000 Uncommon trap: reason=bimorphic_or_optimized_type_check action=maybe_recompile pc=0x0000025f2077dd94 method=org.jetbrains.kotlin.serialization.deserialization.descriptors.DeserializedMemberScope.hasClass(Lorg/jetbrains/kotlin/name/Name;)Z @ 11 c2
Event: 11.953 Thread 0x0000025f134ac000 DEOPT PACKING pc=0x0000025f2077dd94 sp=0x000000d839afbb40
Event: 11.953 Thread 0x0000025f134ac000 DEOPT UNPACKING pc=0x0000025f189d662f sp=0x000000d839afbae0 mode 2

Classes redefined (0 events):
No events

Internal exceptions (20 events):
Event: 6.009 Thread 0x0000025f134ac000 Exception <a 'java/lang/NoSuchMethodError'{0x000000009311aa68}: 'java.lang.Object java.lang.invoke.DirectMethodHandle$Holder.invokeStatic(java.lang.Object, java.lang.Object, java.lang.Object, int)'> (0x000000009311aa68) thrown at [./src/hotspot/share/interpreter/linkResolver.cpp, line 773]
Event: 6.009 Thread 0x0000025f134ac000 Exception <a 'java/lang/NoSuchMethodError'{0x000000009311e6d8}: 'java.lang.Object java.lang.invoke.DirectMethodHandle$Holder.invokeSpecial(java.lang.Object, java.lang.Object, java.lang.Object, java.lang.Object, int)'> (0x000000009311e6d8) thrown at [./src/hotspot/share/interpreter/linkResolver.cpp, line 773]
Event: 6.010 Thread 0x0000025f134ac000 Exception <a 'java/lang/NoSuchMethodError'{0x00000000931219e8}: 'java.lang.Object java.lang.invoke.Invokers$Holder.linkToTargetMethod(java.lang.Object, java.lang.Object, int, java.lang.Object)'> (0x00000000931219e8) thrown at [./src/hotspot/share/interpreter/linkResolver.cpp, line 773]
Event: 7.890 Thread 0x0000025f134ac000 Exception <a 'java/lang/NoSuchMethodError'{0x00000000919bf440}: 'int java.lang.invoke.DirectMethodHandle$Holder.invokeInterface(java.lang.Object, java.lang.Object)'> (0x00000000919bf440) thrown at [./src/hotspot/share/interpreter/linkResolver.cpp, line 773]
Event: 8.007 Thread 0x0000025f134ac000 Exception <a 'java/lang/NoSuchMethodError'{0x000000009142ef90}: 'java.lang.Object java.lang.invoke.DirectMethodHandle$Holder.invokeStaticInit(java.lang.Object, java.lang.Object, java.lang.Object)'> (0x000000009142ef90) thrown at [./src/hotspot/share/interpreter/linkResolver.cpp, line 773]
Event: 9.061 Thread 0x0000025f134ac000 Exception <a 'java/lang/NoSuchMethodError'{0x00000000927c2fe8}: 'java.lang.Object java.lang.invoke.Invokers$Holder.linkToTargetMethod(java.lang.Object, java.lang.Object, java.lang.Object, int, int, java.lang.Object)'> (0x00000000927c2fe8) thrown at [./src/hotspot/share/interpreter/linkResolver.cpp, line 773]
Event: 9.081 Thread 0x0000025f134ac000 Exception <a 'java/lang/NoSuchMethodError'{0x00000000926169f0}: 'java.lang.Object java.lang.invoke.Invokers$Holder.linkToTargetMethod(java.lang.Object, java.lang.Object, java.lang.Object, java.lang.Object, java.lang.Object, java.lang.Object)'> (0x00000000926169f0) thrown at [./src/hotspot/share/interpreter/linkResolver.cpp, line 773]
Event: 9.231 Thread 0x0000025f134ac000 Implicit null exception at 0x0000025f205b6e4c to 0x0000025f205b6f28
Event: 9.232 Thread 0x0000025f134ac000 Implicit null exception at 0x0000025f204dd45e to 0x0000025f204ddbca
Event: 9.232 Thread 0x0000025f134ac000 Implicit null exception at 0x0000025f204bd32f to 0x0000025f204bd39d
Event: 9.325 Thread 0x0000025f134ac000 Exception <a 'java/lang/NoSuchMethodError'{0x0000000091f7aab0}: 'int java.lang.invoke.DirectMethodHandle$Holder.invokeStaticInit(java.lang.Object, int)'> (0x0000000091f7aab0) thrown at [./src/hotspot/share/interpreter/linkResolver.cpp, line 773]
Event: 9.433 Thread 0x0000025f134ac000 Exception <a 'java/lang/NoSuchMethodError'{0x0000000091a13d98}: 'java.lang.Object java.lang.invoke.DirectMethodHandle$Holder.invokeInterface(java.lang.Object, java.lang.Object, java.lang.Object)'> (0x0000000091a13d98) thrown at [./src/hotspot/share/interpreter/linkResolver.cpp, line 773]
Event: 9.433 Thread 0x0000025f134ac000 Exception <a 'java/lang/IncompatibleClassChangeError'{0x0000000091a16fc8}: Found class java.lang.Object, but interface was expected> (0x0000000091a16fc8) thrown at [./src/hotspot/share/interpreter/linkResolver.cpp, line 839]
Event: 9.525 Thread 0x0000025f134ac000 Exception <a 'java/lang/NoSuchMethodError'{0x00000000918a11f8}: 'java.lang.Object java.lang.invoke.DirectMethodHandle$Holder.invokeStatic(java.lang.Object, int, java.lang.Object, java.lang.Object)'> (0x00000000918a11f8) thrown at [./src/hotspot/share/interpreter/linkResolver.cpp, line 773]
Event: 9.861 Thread 0x0000025f134ac000 Exception <a 'java/lang/NoSuchMethodError'{0x000000008ff765a0}: 'java.lang.Object java.lang.invoke.DirectMethodHandle$Holder.invokeSpecial(java.lang.Object, java.lang.Object, java.lang.Object, java.lang.Object, java.lang.Object, int)'> (0x000000008ff765a0) thrown at [./src/hotspot/share/interpreter/linkResolver.cpp, line 773]
Event: 9.861 Thread 0x0000025f134ac000 Exception <a 'java/lang/NoSuchMethodError'{0x000000008ff7a690}: 'java.lang.Object java.lang.invoke.Invokers$Holder.linkToTargetMethod(java.lang.Object, java.lang.Object, java.lang.Object, int, java.lang.Object)'> (0x000000008ff7a690) thrown at [./src/hotspot/share/interpreter/linkResolver.cpp, line 773]
Event: 10.022 Thread 0x0000025f134ac000 Implicit null exception at 0x0000025f206dd57c to 0x0000025f206dded4
Event: 10.235 Thread 0x0000025f134ac000 Implicit null exception at 0x0000025f204d8475 to 0x0000025f204d863c
Event: 10.313 Thread 0x0000025f134ac000 Implicit null exception at 0x0000025f206dbefb to 0x0000025f206dc1c8
Event: 10.628 Thread 0x0000025f134ac000 Exception <a 'java/lang/NoSuchMethodError'{0x0000000091c96900}: 'int java.lang.invoke.DirectMethodHandle$Holder.invokeStaticInit(java.lang.Object, java.lang.Object, java.lang.Object, java.lang.Object)'> (0x0000000091c96900) thrown at [./src/hotspot/share/interpreter/linkResolver.cpp, line 773]

Events (20 events):
Event: 11.997 loading class kotlinx/android/extensions/ContainerOptions
Event: 11.997 loading class kotlinx/android/extensions/ContainerOptions done
Event: 11.998 loading class org/jetbrains/kotlin/android/synthetic/codegen/AndroidContainerType
Event: 11.998 loading class org/jetbrains/kotlin/android/synthetic/codegen/AndroidContainerType done
Event: 11.999 loading class org/jetbrains/kotlin/android/synthetic/codegen/AndroidContainerType$Companion
Event: 11.999 loading class org/jetbrains/kotlin/android/synthetic/codegen/AndroidContainerType$Companion done
Event: 12.001 loading class org/jetbrains/kotlin/android/synthetic/codegen/CacheMechanismsKt
Event: 12.001 loading class org/jetbrains/kotlin/android/synthetic/codegen/CacheMechanismsKt done
Event: 12.002 loading class org/jetbrains/kotlin/ir/types/IrTypePredicatesKt
Event: 12.002 loading class org/jetbrains/kotlin/ir/types/IrTypePredicatesKt done
Event: 12.004 loading class org/jetbrains/kotlin/backend/common/lower/DeclarationIrBuilder
Event: 12.004 loading class org/jetbrains/kotlin/backend/common/lower/DeclarationIrBuilder done
Event: 12.005 loading class org/jetbrains/kotlin/ir/builders/IrGeneratorContextBase
Event: 12.005 loading class org/jetbrains/kotlin/ir/builders/IrGeneratorContextBase done
Event: 12.005 loading class org/jetbrains/kotlin/android/synthetic/codegen/AndroidIrTransformer$WhenMappings
Event: 12.005 loading class org/jetbrains/kotlin/android/synthetic/codegen/AndroidIrTransformer$WhenMappings done
Event: 12.006 loading class org/jetbrains/kotlin/android/synthetic/codegen/AndroidIrTransformer$irFindViewById$findViewById$1
Event: 12.006 loading class org/jetbrains/kotlin/android/synthetic/codegen/AndroidIrTransformer$irFindViewById$findViewById$1 done
Event: 12.010 loading class org/jetbrains/kotlin/ir/declarations/lazy/IrLazyFunctionBase$createReturnType$1
Event: 12.010 loading class org/jetbrains/kotlin/ir/declarations/lazy/IrLazyFunctionBase$createReturnType$1 done


Dynamic libraries:
0x00007ff7495f0000 - 0x00007ff7495fa000 	C:\Program Files\Android\Android Studio\jre\bin\java.exe
0x00007ffeb3400000 - 0x00007ffeb3607000 	C:\WINDOWS\SYSTEM32\ntdll.dll
0x00007ffeb1380000 - 0x00007ffeb143d000 	C:\WINDOWS\System32\KERNEL32.DLL
0x00007ffeb0960000 - 0x00007ffeb0cd4000 	C:\WINDOWS\System32\KERNELBASE.dll
0x00007ffeaca90000 - 0x00007ffeacb21000 	C:\WINDOWS\SYSTEM32\apphelp.dll
0x00007ffeb0ce0000 - 0x00007ffeb0df1000 	C:\WINDOWS\System32\ucrtbase.dll
0x00007ffea26c0000 - 0x00007ffea26d9000 	C:\Program Files\Android\Android Studio\jre\bin\jli.dll
0x00007ffea25c0000 - 0x00007ffea25d7000 	C:\Program Files\Android\Android Studio\jre\bin\VCRUNTIME140.dll
0x00007ffeb1e40000 - 0x00007ffeb1fec000 	C:\WINDOWS\System32\USER32.dll
0x00007ffea2c50000 - 0x00007ffea2ef5000 	C:\WINDOWS\WinSxS\amd64_microsoft.windows.common-controls_6595b64144ccf1df_6.0.22000.120_none_9d947278b86cc467\COMCTL32.dll
0x00007ffeb1130000 - 0x00007ffeb1156000 	C:\WINDOWS\System32\win32u.dll
0x00007ffeb2950000 - 0x00007ffeb29f3000 	C:\WINDOWS\System32\msvcrt.dll
0x00007ffeb1e10000 - 0x00007ffeb1e39000 	C:\WINDOWS\System32\GDI32.dll
0x00007ffeb1010000 - 0x00007ffeb1122000 	C:\WINDOWS\System32\gdi32full.dll
0x00007ffeb0e00000 - 0x00007ffeb0e9d000 	C:\WINDOWS\System32\msvcp_win.dll
0x00007ffeb3220000 - 0x00007ffeb3251000 	C:\WINDOWS\System32\IMM32.DLL
0x00007ffe9d300000 - 0x00007ffe9d39d000 	C:\Program Files\Android\Android Studio\jre\bin\msvcp140.dll
0x00007ffe69140000 - 0x00007ffe69c15000 	C:\Program Files\Android\Android Studio\jre\bin\server\jvm.dll
0x00007ffeb2430000 - 0x00007ffeb24de000 	C:\WINDOWS\System32\ADVAPI32.dll
0x00007ffeb1a10000 - 0x00007ffeb1aae000 	C:\WINDOWS\System32\sechost.dll
0x00007ffeb18d0000 - 0x00007ffeb19f0000 	C:\WINDOWS\System32\RPCRT4.dll
0x00007ffeb2a00000 - 0x00007ffeb2a08000 	C:\WINDOWS\System32\PSAPI.DLL
0x00007ffeabdf0000 - 0x00007ffeabdf9000 	C:\WINDOWS\SYSTEM32\WSOCK32.dll
0x00007ffea7f40000 - 0x00007ffea7f4a000 	C:\WINDOWS\SYSTEM32\VERSION.dll
0x00007ffead900000 - 0x00007ffead933000 	C:\WINDOWS\SYSTEM32\WINMM.dll
0x00007ffeb1c70000 - 0x00007ffeb1cdf000 	C:\WINDOWS\System32\WS2_32.dll
0x00007ffeafae0000 - 0x00007ffeafaf8000 	C:\WINDOWS\SYSTEM32\kernel.appcore.dll
0x00007ffeab1c0000 - 0x00007ffeab1d1000 	C:\Program Files\Android\Android Studio\jre\bin\verify.dll
0x00007ffeadfd0000 - 0x00007ffeae1f1000 	C:\WINDOWS\SYSTEM32\DBGHELP.DLL
0x00007ffe9aaf0000 - 0x00007ffe9ab21000 	C:\WINDOWS\SYSTEM32\dbgcore.DLL
0x00007ffeb1220000 - 0x00007ffeb129f000 	C:\WINDOWS\System32\bcryptPrimitives.dll
0x00007ffea3930000 - 0x00007ffea3959000 	C:\Program Files\Android\Android Studio\jre\bin\java.dll
0x00007ffeaba50000 - 0x00007ffeaba5b000 	C:\Program Files\Android\Android Studio\jre\bin\jimage.dll
0x00007ffeab1a0000 - 0x00007ffeab1b8000 	C:\Program Files\Android\Android Studio\jre\bin\zip.dll
0x00007ffeb2a10000 - 0x00007ffeb31be000 	C:\WINDOWS\System32\SHELL32.dll
0x00007ffeaea70000 - 0x00007ffeaf2d7000 	C:\WINDOWS\SYSTEM32\windows.storage.dll
0x00007ffeb1ff0000 - 0x00007ffeb2368000 	C:\WINDOWS\System32\combase.dll
0x00007ffeae900000 - 0x00007ffeaea66000 	C:\WINDOWS\SYSTEM32\wintypes.dll
0x00007ffeb2800000 - 0x00007ffeb28ea000 	C:\WINDOWS\System32\SHCORE.dll
0x00007ffeb3360000 - 0x00007ffeb33bd000 	C:\WINDOWS\System32\shlwapi.dll
0x00007ffeb0820000 - 0x00007ffeb0841000 	C:\WINDOWS\SYSTEM32\profapi.dll
0x00007ffea38e0000 - 0x00007ffea38fa000 	C:\Program Files\Android\Android Studio\jre\bin\net.dll
0x00007ffea7e30000 - 0x00007ffea7f3c000 	C:\WINDOWS\SYSTEM32\WINHTTP.dll
0x00007ffeaff10000 - 0x00007ffeaff77000 	C:\WINDOWS\system32\mswsock.dll
0x00007ffea2710000 - 0x00007ffea2724000 	C:\Program Files\Android\Android Studio\jre\bin\nio.dll

dbghelp: loaded successfully - version: 4.0.5 - missing functions: none
symbol engine: initialized successfully - sym options: 0x614 - pdb path: .;C:\Program Files\Android\Android Studio\jre\bin;C:\WINDOWS\SYSTEM32;C:\WINDOWS\WinSxS\amd64_microsoft.windows.common-controls_6595b64144ccf1df_6.0.22000.120_none_9d947278b86cc467;C:\Program Files\Android\Android Studio\jre\bin\server

VM Arguments:
java_command: org.jetbrains.kotlin.cli.jvm.K2JVMCompiler @C:\Users\berka\AndroidStudioProjects\CryptocurrencyApp\app\build\20220130_2795156796171399155.compiler.options
java_class_path (initial): C:\Users\berka\.gradle\caches\modules-2\files-2.1\org.jetbrains.kotlin\kotlin-compiler-embeddable\1.6.10\88f2073f4020cdb83132cfe940ceb9a60aba54ea\kotlin-compiler-embeddable-1.6.10.jar;C:\Users\berka\.gradle\caches\modules-2\files-2.1\org.jetbrains.kotlin\kotlin-reflect\1.6.10\1cbe9c92c12a94eea200d23c2bbaedaf3daf5132\kotlin-reflect-1.6.10.jar;C:\Users\berka\.gradle\caches\modules-2\files-2.1\org.jetbrains.kotlin\kotlin-stdlib\1.6.10\b8af3fe6f1ca88526914929add63cf5e7c5049af\kotlin-stdlib-1.6.10.jar;C:\Users\berka\.gradle\caches\modules-2\files-2.1\org.jetbrains.kotlin\kotlin-script-runtime\1.6.10\d0a7ff2e2500ef497ed0214ae40ad3c8387a6164\kotlin-script-runtime-1.6.10.jar;C:\Users\berka\.gradle\caches\modules-2\files-2.1\org.jetbrains.kotlin\kotlin-daemon-embeddable\1.6.10\a56d79bcbea411fa6058e4ecffc2de73e742bd2a\kotlin-daemon-embeddable-1.6.10.jar;C:\Users\berka\.gradle\caches\modules-2\files-2.1\org.jetbrains.intellij.deps\trove4j\1.0.20181211\216c2e14b070f334479d800987affe4054cd563f\trove4j-1.0.20181211.jar;C:\Users\berka\.gradle\caches\modules-2\files-2.1\net.java.dev.jna\jna\5.6.0\330f2244e9030119ab3030fc3fededc86713d9cc\jna-5.6.0.jar;C:\Users\berka\.gradle\caches\modules-2\files-2.1\org.jetbrains\annotations\13.0\919f0dfe192fb4e063e7dacadee7f8bb9a2672a9\annotations-13.0.jar;C:\Users\berka\.gradle\caches\modules-2\files-2.1\org.jetbrains.kotlin\kotlin-stdlib-common\1.6.10\c118700e3a33c8a0d9adc920e9dec0831171925\kotlin-stdlib-common-1.6.10.jar
Launcher Type: SUN_STANDARD

[Global flags]
     intx CICompilerCount                          = 4                                         {product} {ergonomic}
     uint ConcGCThreads                            = 3                                         {product} {ergonomic}
     uint G1ConcRefinementThreads                  = 10                                        {product} {ergonomic}
   size_t G1HeapRegionSize                         = 1048576                                   {product} {ergonomic}
    uintx GCDrainStackTargetSize                   = 64                                        {product} {ergonomic}
   size_t InitialHeapSize                          = 123731968                                 {product} {ergonomic}
   size_t MarkStackSize                            = 4194304                                   {product} {ergonomic}
   size_t MaxHeapSize                              = 1979711488                                {product} {ergonomic}
   size_t MaxNewSize                               = 1186988032                                {product} {ergonomic}
   size_t MinHeapDeltaBytes                        = 1048576                                   {product} {ergonomic}
    uintx NonNMethodCodeHeapSize                   = 5836300                                {pd product} {ergonomic}
    uintx NonProfiledCodeHeapSize                  = 122910970                              {pd product} {ergonomic}
    uintx ProfiledCodeHeapSize                     = 122910970                              {pd product} {ergonomic}
    uintx ReservedCodeCacheSize                    = 251658240                              {pd product} {ergonomic}
     bool SegmentedCodeCache                       = true                                      {product} {ergonomic}
     bool UseCompressedClassPointers               = true                                 {lp64_product} {ergonomic}
     bool UseCompressedOops                        = true                                 {lp64_product} {ergonomic}
     bool UseG1GC                                  = true                                      {product} {ergonomic}
     bool UseLargePagesIndividualAllocation        = false                                  {pd product} {ergonomic}

Logging:
Log output configuration:
 #0: stdout all=warning uptime,level,tags
 #1: stderr all=off uptime,level,tags

Environment Variables:
PATH=C:\WINDOWS\system32;C:\WINDOWS;C:\WINDOWS\System32\Wbem;C:\WINDOWS\System32\WindowsPowerShell\v1.0\;C:\WINDOWS\System32\OpenSSH\;C:\Program Files\Microsoft SQL Server\130\Tools\Binn\;C:\Program Files\Java\jdk-15.0.2\bin;C:\Program Files\Git\cmd;C:\Program Files\Microsoft SQL Server\Client SDK\ODBC\170\Tools\Binn\;C:\Program Files (x86)\Microsoft SQL Server\150\Tools\Binn\;C:\Program Files\Microsoft SQL Server\150\Tools\Binn\;C:\Program Files\Microsoft SQL Server\150\DTS\Binn\;C:\Program Files (x86)\Microsoft SQL Server\150\DTS\Binn\;C:\Program Files\Azure Data Studio\bin;C:\Program Files (x86)\Windows Kits\10\Windows Performance Toolkit\;C:\Users\berka\AppData\Local\Microsoft\WindowsApps;C:\Users\berka\.dotnet\tools;C:\Program Files\Azure Data Studio\bin
USERNAME=berka
OS=Windows_NT
PROCESSOR_IDENTIFIER=AMD64 Family 23 Model 96 Stepping 1, AuthenticAMD



---------------  S Y S T E M  ---------------

OS: Windows 10 , 64 bit Build 22000 (10.0.22000.434)
OS uptime: 1 days 2:06 hours

CPU:total 12 (initial active 12) (12 cores per cpu, 2 threads per core) family 23 model 96 stepping 1 microcode 0x0, cmov, cx8, fxsr, mmx, sse, sse2, sse3, ssse3, sse4.1, sse4.2, popcnt, avx, avx2, aes, clmul, mmxext, 3dnowpref, lzcnt, sse4a, ht, tsc, tscinvbit, tscinv, bmi1, bmi2, adx, 

Memory: 4k page, system-wide physical 7549M (1069M free)
TotalPageFile size 11645M (AvailPageFile size 5M)
current process WorkingSet (physical memory assigned to process): 347M, peak: 347M
current process commit charge ("private bytes"): 422M, peak: 423M

vm_info: OpenJDK 64-Bit Server VM (11.0.11+9-b60-7590822) for windows-amd64 JRE (11.0.11+9-b60-7590822), built on Jul 29 2021 21:43:44 by "builder" with MS VC++ 14.0 (VS2015)

END.
